2022-10-22T21:33:06.460Z [main-logger] error: hello world
2022-10-22T21:33:06.467Z [main-logger] error: hello world
2022-10-22T21:33:06.467Z [main-logger] error: hello world
2022-10-22T21:33:06.468Z [main-logger] error: hello world
2022-10-22T21:33:06.468Z [main-logger] error: hello world
2022-10-22T21:33:06.469Z [main-logger] error: hello world
2022-10-22T21:33:06.469Z [main-logger] error: hello world
2022-10-22T21:33:06.469Z [main-logger] error: hello world
2022-10-22T21:33:06.470Z [main-logger] error: hello world
2022-10-22T21:33:06.470Z [main-logger] error: hello world
2022-10-22T21:33:06.470Z [main-logger] error: hello world
2022-10-22T21:33:06.471Z [main-logger] error: hello world
2022-10-22T21:33:06.471Z [main-logger] error: hello world
2022-10-22T21:33:06.472Z [main-logger] error: hello world
2022-10-22T21:33:06.472Z [main-logger] error: hello world
2022-10-22T21:33:06.473Z [main-logger] error: hello world
2022-10-22T21:33:06.473Z [main-logger] error: hello world
2022-10-22T21:33:06.473Z [main-logger] error: hello world
2022-10-22T21:33:06.474Z [main-logger] error: hello world
2022-10-22T21:33:06.474Z [main-logger] error: hello world
2022-10-22T21:33:06.474Z [main-logger] error: hello world
2022-10-22T21:33:06.475Z [main-logger] error: hello world
2022-10-22T21:33:06.475Z [main-logger] error: hello world
2022-10-22T21:33:06.475Z [main-logger] error: hello world
2022-10-22T21:33:06.476Z [main-logger] error: hello world
2022-10-22T21:33:06.476Z [main-logger] error: hello world
2022-10-22T21:33:06.477Z [main-logger] error: hello world
2022-10-22T21:33:06.477Z [main-logger] error: hello world
2022-10-22T21:33:06.477Z [main-logger] error: hello world
2022-10-22T21:33:06.478Z [main-logger] error: hello world
2022-10-22T21:33:06.478Z [main-logger] error: hello world
2022-10-22T21:33:06.478Z [main-logger] error: hello world
2022-10-22T21:33:06.479Z [main-logger] error: hello world
2022-10-22T21:33:06.479Z [main-logger] error: hello world
2022-10-22T21:33:06.479Z [main-logger] error: hello world
2022-10-22T21:33:06.480Z [main-logger] error: hello world
2022-10-22T21:33:06.480Z [main-logger] error: hello world
2022-10-22T21:33:06.480Z [main-logger] error: hello world
2022-10-22T21:33:06.481Z [main-logger] error: hello world
2022-10-22T21:33:06.481Z [main-logger] error: hello world
2022-10-22T21:33:06.481Z [main-logger] error: hello world
2022-10-22T21:33:06.482Z [main-logger] error: hello world
2022-10-22T21:33:06.482Z [main-logger] error: hello world
2022-10-22T21:33:06.482Z [main-logger] error: hello world
2022-10-22T21:33:06.483Z [main-logger] error: hello world
2022-10-22T21:33:06.483Z [main-logger] error: hello world
2022-10-22T21:33:06.483Z [main-logger] error: hello world
2022-10-22T21:33:06.484Z [main-logger] error: hello world
2022-10-22T21:33:06.484Z [main-logger] error: hello world
2022-10-22T21:33:06.484Z [main-logger] error: hello world
2022-10-22T21:33:06.485Z [main-logger] error: hello world
2022-10-22T21:33:06.485Z [main-logger] error: hello world
2022-10-22T21:33:06.485Z [main-logger] error: hello world
2022-10-22T21:33:06.485Z [main-logger] error: hello world
2022-10-22T21:33:06.486Z [main-logger] error: hello world
2022-10-22T21:33:06.486Z [main-logger] error: hello world
2022-10-22T21:33:06.486Z [main-logger] error: hello world
2022-10-22T21:33:06.487Z [main-logger] error: hello world
2022-10-22T21:33:06.487Z [main-logger] error: hello world
2022-10-22T21:33:06.488Z [main-logger] error: hello world
2022-10-22T21:33:06.488Z [main-logger] error: hello world
2022-10-22T21:33:06.488Z [main-logger] error: hello world
2022-10-22T21:33:06.489Z [main-logger] error: hello world
2022-10-22T21:33:06.489Z [main-logger] error: hello world
2022-10-22T21:33:06.489Z [main-logger] error: hello world
2022-10-22T21:33:06.490Z [main-logger] error: hello world
2022-10-22T21:33:06.490Z [main-logger] error: hello world
2022-10-22T21:33:06.491Z [main-logger] error: hello world
2022-10-22T21:33:06.491Z [main-logger] error: hello world
2022-10-22T21:33:06.491Z [main-logger] error: hello world
2022-10-22T21:33:06.492Z [main-logger] error: hello world
2022-10-22T21:33:06.492Z [main-logger] error: hello world
2022-10-22T21:33:06.492Z [main-logger] error: hello world
2022-10-22T21:33:06.493Z [main-logger] error: hello world
2022-10-22T21:33:06.493Z [main-logger] error: hello world
2022-10-22T21:33:06.493Z [main-logger] error: hello world
2022-10-22T21:33:06.494Z [main-logger] error: hello world
2022-10-22T21:33:06.494Z [main-logger] error: hello world
2022-10-22T21:33:06.494Z [main-logger] error: hello world
2022-10-22T21:33:06.495Z [main-logger] error: hello world
2022-10-22T21:33:06.495Z [main-logger] error: hello world
2022-10-22T21:33:06.495Z [main-logger] error: hello world
2022-10-22T21:33:06.496Z [main-logger] error: hello world
2022-10-22T21:33:06.496Z [main-logger] error: hello world
2022-10-22T21:33:06.497Z [main-logger] error: hello world
2022-10-22T21:33:06.497Z [main-logger] error: hello world
2022-10-22T21:33:06.498Z [main-logger] error: hello world
2022-10-22T21:33:06.498Z [main-logger] error: hello world
2022-10-22T21:33:06.498Z [main-logger] error: hello world
2022-10-22T21:33:06.499Z [main-logger] error: hello world
2022-10-22T21:33:06.499Z [main-logger] error: hello world
2022-10-22T21:33:06.499Z [main-logger] error: hello world
2022-10-22T21:33:06.500Z [main-logger] error: hello world
2022-10-22T21:33:06.500Z [main-logger] error: hello world
2022-10-22T21:33:06.500Z [main-logger] error: hello world
2022-10-22T21:33:06.501Z [main-logger] error: hello world
2022-10-22T21:33:06.502Z [main-logger] error: hello world
2022-10-22T21:33:06.502Z [main-logger] error: hello world
2022-10-22T21:33:06.502Z [main-logger] error: hello world
2022-10-22T21:33:06.503Z [main-logger] error: hello world
{"level":"error","message":"hello world"}
{"level":"error","message":"hello world"}
{"level":"error","message":"hello world"}
{"level":"error","message":"hello world"}
{"level":"error","message":"hello world"}
{"level":"error","message":"hello world"}
{"level":"error","message":"hello world"}
{"level":"error","message":"hello world"}
{"level":"error","message":"hello world"}
{"level":"error","message":"hello world"}
{"level":"error","message":"hello world"}
{"level":"error","message":"hello world"}
{"level":"error","message":"hello world"}
{"level":"error","message":"hello world"}
{"level":"error","message":"hello world"}
{"level":"error","message":"hello world"}
{"level":"error","message":"hello world"}
{"level":"error","message":"hello world"}
{"level":"error","message":"hello world"}
{"level":"error","message":"hello world"}
{"level":"error","message":"hello world"}
{"level":"error","message":"hello world"}
{"level":"error","message":"hello world"}
{"level":"error","message":"hello world"}
{"level":"error","message":"hello world"}
{"level":"error","message":"hello world"}
{"level":"error","message":"hello world"}
{"level":"error","message":"hello world"}
{"level":"error","message":"hello world"}
{"level":"error","message":"hello world"}
{"level":"error","message":"hello world"}
{"level":"error","message":"hello world"}
{"level":"error","message":"hello world"}
{"level":"error","message":"hello world"}
{"level":"error","message":"hello world"}
{"level":"error","message":"hello world"}
{"level":"error","message":"hello world"}
{"level":"error","message":"hello world"}
{"level":"error","message":"hello world"}
{"level":"error","message":"hello world"}
{"level":"error","message":"hello world"}
{"level":"error","message":"hello world"}
{"level":"error","message":"hello world"}
{"level":"error","message":"hello world"}
{"level":"error","message":"hello world"}
{"level":"error","message":"hello world"}
{"level":"error","message":"hello world"}
{"level":"error","message":"hello world"}
{"level":"error","message":"hello world"}
{"level":"error","message":"hello world"}
{"level":"error","message":"hello world"}
{"level":"error","message":"hello world"}
{"level":"error","message":"hello world"}
{"level":"error","message":"hello world"}
{"level":"error","message":"hello world"}
{"level":"error","message":"hello world"}
{"level":"error","message":"hello world"}
{"level":"error","message":"hello world"}
{"level":"error","message":"hello world"}
{"level":"error","message":"hello world"}
{"level":"error","message":"hello world"}
{"level":"error","message":"hello world"}
{"level":"error","message":"hello world"}
{"level":"error","message":"hello world"}
{"level":"error","message":"hello world"}
{"level":"error","message":"hello world"}
{"level":"error","message":"hello world"}
{"level":"error","message":"hello world"}
{"level":"error","message":"hello world"}
{"level":"error","message":"hello world"}
{"level":"error","message":"hello world"}
{"level":"error","message":"hello world"}
{"level":"error","message":"hello world"}
{"level":"error","message":"hello world"}
{"level":"error","message":"hello world"}
{"level":"error","message":"hello world"}
{"level":"error","message":"hello world"}
{"level":"error","message":"hello world"}
{"level":"error","message":"hello world"}
{"level":"error","message":"hello world"}
{"level":"error","message":"hello world"}
{"level":"error","message":"hello world"}
{"level":"error","message":"hello world"}
{"level":"error","message":"hello world"}
{"level":"error","message":"hello world"}
{"level":"error","message":"hello world"}
{"level":"error","message":"hello world"}
{"level":"error","message":"hello world"}
{"level":"error","message":"hello world"}
{"level":"error","message":"hello world"}
{"level":"error","message":"hello world"}
{"level":"error","message":"hello world"}
{"level":"error","message":"hello world"}
{"level":"error","message":"hello world"}
{"level":"error","message":"hello world"}
{"level":"error","message":"hello world"}
{"level":"error","message":"hello world"}
{"level":"error","message":"hello world"}
{"level":"error","message":"hello world"}
{"level":"error","message":"hello world"}
error: hello world {"timestamp":"2022-10-22T21:38:45.718Z"}
error: hello world {"timestamp":"2022-10-22T21:38:45.725Z"}
error: hello world {"timestamp":"2022-10-22T21:38:45.726Z"}
error: hello world {"timestamp":"2022-10-22T21:38:45.727Z"}
error: hello world {"timestamp":"2022-10-22T21:38:45.728Z"}
error: hello world {"timestamp":"2022-10-22T21:38:45.728Z"}
error: hello world {"timestamp":"2022-10-22T21:38:45.729Z"}
error: hello world {"timestamp":"2022-10-22T21:38:45.729Z"}
error: hello world {"timestamp":"2022-10-22T21:38:45.729Z"}
error: hello world {"timestamp":"2022-10-22T21:38:45.730Z"}
error: hello world {"timestamp":"2022-10-22T21:38:45.730Z"}
error: hello world {"timestamp":"2022-10-22T21:38:45.731Z"}
error: hello world {"timestamp":"2022-10-22T21:38:45.731Z"}
error: hello world {"timestamp":"2022-10-22T21:38:45.731Z"}
error: hello world {"timestamp":"2022-10-22T21:38:45.732Z"}
error: hello world {"timestamp":"2022-10-22T21:38:45.732Z"}
error: hello world {"timestamp":"2022-10-22T21:38:45.732Z"}
error: hello world {"timestamp":"2022-10-22T21:38:45.733Z"}
error: hello world {"timestamp":"2022-10-22T21:38:45.733Z"}
error: hello world {"timestamp":"2022-10-22T21:38:45.734Z"}
error: hello world {"timestamp":"2022-10-22T21:38:45.734Z"}
error: hello world {"timestamp":"2022-10-22T21:38:45.734Z"}
error: hello world {"timestamp":"2022-10-22T21:38:45.735Z"}
error: hello world {"timestamp":"2022-10-22T21:38:45.735Z"}
error: hello world {"timestamp":"2022-10-22T21:38:45.736Z"}
error: hello world {"timestamp":"2022-10-22T21:38:45.736Z"}
error: hello world {"timestamp":"2022-10-22T21:38:45.736Z"}
error: hello world {"timestamp":"2022-10-22T21:38:45.737Z"}
error: hello world {"timestamp":"2022-10-22T21:38:45.737Z"}
error: hello world {"timestamp":"2022-10-22T21:38:45.738Z"}
error: hello world {"timestamp":"2022-10-22T21:38:45.738Z"}
error: hello world {"timestamp":"2022-10-22T21:38:45.738Z"}
error: hello world {"timestamp":"2022-10-22T21:38:45.739Z"}
error: hello world {"timestamp":"2022-10-22T21:38:45.739Z"}
error: hello world {"timestamp":"2022-10-22T21:38:45.740Z"}
error: hello world {"timestamp":"2022-10-22T21:38:45.740Z"}
error: hello world {"timestamp":"2022-10-22T21:38:45.741Z"}
error: hello world {"timestamp":"2022-10-22T21:38:45.741Z"}
error: hello world {"timestamp":"2022-10-22T21:38:45.742Z"}
error: hello world {"timestamp":"2022-10-22T21:38:45.742Z"}
error: hello world {"timestamp":"2022-10-22T21:38:45.742Z"}
error: hello world {"timestamp":"2022-10-22T21:38:45.743Z"}
error: hello world {"timestamp":"2022-10-22T21:38:45.743Z"}
error: hello world {"timestamp":"2022-10-22T21:38:45.743Z"}
error: hello world {"timestamp":"2022-10-22T21:38:45.744Z"}
error: hello world {"timestamp":"2022-10-22T21:38:45.744Z"}
error: hello world {"timestamp":"2022-10-22T21:38:45.744Z"}
error: hello world {"timestamp":"2022-10-22T21:38:45.745Z"}
error: hello world {"timestamp":"2022-10-22T21:38:45.745Z"}
error: hello world {"timestamp":"2022-10-22T21:38:45.746Z"}
error: hello world {"timestamp":"2022-10-22T21:38:45.746Z"}
error: hello world {"timestamp":"2022-10-22T21:38:45.746Z"}
error: hello world {"timestamp":"2022-10-22T21:38:45.747Z"}
error: hello world {"timestamp":"2022-10-22T21:38:45.747Z"}
error: hello world {"timestamp":"2022-10-22T21:38:45.748Z"}
error: hello world {"timestamp":"2022-10-22T21:38:45.748Z"}
error: hello world {"timestamp":"2022-10-22T21:38:45.748Z"}
error: hello world {"timestamp":"2022-10-22T21:38:45.749Z"}
error: hello world {"timestamp":"2022-10-22T21:38:45.749Z"}
error: hello world {"timestamp":"2022-10-22T21:38:45.749Z"}
error: hello world {"timestamp":"2022-10-22T21:38:45.750Z"}
error: hello world {"timestamp":"2022-10-22T21:38:45.750Z"}
error: hello world {"timestamp":"2022-10-22T21:38:45.750Z"}
error: hello world {"timestamp":"2022-10-22T21:38:45.751Z"}
error: hello world {"timestamp":"2022-10-22T21:38:45.751Z"}
error: hello world {"timestamp":"2022-10-22T21:38:45.751Z"}
error: hello world {"timestamp":"2022-10-22T21:38:45.752Z"}
error: hello world {"timestamp":"2022-10-22T21:38:45.752Z"}
error: hello world {"timestamp":"2022-10-22T21:38:45.752Z"}
error: hello world {"timestamp":"2022-10-22T21:38:45.752Z"}
error: hello world {"timestamp":"2022-10-22T21:38:45.753Z"}
error: hello world {"timestamp":"2022-10-22T21:38:45.753Z"}
error: hello world {"timestamp":"2022-10-22T21:38:45.753Z"}
error: hello world {"timestamp":"2022-10-22T21:38:45.754Z"}
error: hello world {"timestamp":"2022-10-22T21:38:45.754Z"}
error: hello world {"timestamp":"2022-10-22T21:38:45.755Z"}
error: hello world {"timestamp":"2022-10-22T21:38:45.755Z"}
error: hello world {"timestamp":"2022-10-22T21:38:45.755Z"}
error: hello world {"timestamp":"2022-10-22T21:38:45.756Z"}
error: hello world {"timestamp":"2022-10-22T21:38:45.757Z"}
error: hello world {"timestamp":"2022-10-22T21:38:45.758Z"}
error: hello world {"timestamp":"2022-10-22T21:38:45.758Z"}
error: hello world {"timestamp":"2022-10-22T21:38:45.758Z"}
error: hello world {"timestamp":"2022-10-22T21:38:45.759Z"}
error: hello world {"timestamp":"2022-10-22T21:38:45.759Z"}
error: hello world {"timestamp":"2022-10-22T21:38:45.760Z"}
error: hello world {"timestamp":"2022-10-22T21:38:45.761Z"}
error: hello world {"timestamp":"2022-10-22T21:38:45.761Z"}
error: hello world {"timestamp":"2022-10-22T21:38:45.762Z"}
error: hello world {"timestamp":"2022-10-22T21:38:45.762Z"}
error: hello world {"timestamp":"2022-10-22T21:38:45.763Z"}
error: hello world {"timestamp":"2022-10-22T21:38:45.763Z"}
error: hello world {"timestamp":"2022-10-22T21:38:45.763Z"}
error: hello world {"timestamp":"2022-10-22T21:38:45.763Z"}
error: hello world {"timestamp":"2022-10-22T21:38:45.764Z"}
error: hello world {"timestamp":"2022-10-22T21:38:45.764Z"}
error: hello world {"timestamp":"2022-10-22T21:38:45.764Z"}
error: hello world {"timestamp":"2022-10-22T21:38:45.765Z"}
error: hello world {"timestamp":"2022-10-22T21:38:45.765Z"}
error: hello world {"timestamp":"2022-10-22T21:38:45.765Z"}
error: hello world {"timestamp":"2022-10-22T21:41:25.714Z"}
error: hello world {"timestamp":"2022-10-22T21:41:25.721Z"}
error: hello world {"timestamp":"2022-10-22T21:41:25.723Z"}
error: hello world {"timestamp":"2022-10-22T21:41:25.723Z"}
error: hello world {"timestamp":"2022-10-22T21:41:25.724Z"}
error: hello world {"timestamp":"2022-10-22T21:41:25.725Z"}
error: hello world {"timestamp":"2022-10-22T21:41:25.725Z"}
error: hello world {"timestamp":"2022-10-22T21:41:25.726Z"}
error: hello world {"timestamp":"2022-10-22T21:41:25.726Z"}
error: hello world {"timestamp":"2022-10-22T21:41:25.726Z"}
error: hello world {"timestamp":"2022-10-22T21:41:25.727Z"}
error: hello world {"timestamp":"2022-10-22T21:41:25.727Z"}
error: hello world {"timestamp":"2022-10-22T21:41:25.728Z"}
error: hello world {"timestamp":"2022-10-22T21:41:25.728Z"}
error: hello world {"timestamp":"2022-10-22T21:41:25.729Z"}
error: hello world {"timestamp":"2022-10-22T21:41:25.729Z"}
error: hello world {"timestamp":"2022-10-22T21:41:25.729Z"}
error: hello world {"timestamp":"2022-10-22T21:41:25.730Z"}
error: hello world {"timestamp":"2022-10-22T21:41:25.730Z"}
error: hello world {"timestamp":"2022-10-22T21:41:25.731Z"}
error: hello world {"timestamp":"2022-10-22T21:41:25.731Z"}
error: hello world {"timestamp":"2022-10-22T21:41:25.731Z"}
error: hello world {"timestamp":"2022-10-22T21:41:25.732Z"}
error: hello world {"timestamp":"2022-10-22T21:41:25.732Z"}
error: hello world {"timestamp":"2022-10-22T21:41:25.733Z"}
error: hello world {"timestamp":"2022-10-22T21:41:25.733Z"}
error: hello world {"timestamp":"2022-10-22T21:41:25.734Z"}
error: hello world {"timestamp":"2022-10-22T21:41:25.734Z"}
error: hello world {"timestamp":"2022-10-22T21:41:25.735Z"}
error: hello world {"timestamp":"2022-10-22T21:41:25.736Z"}
error: hello world {"timestamp":"2022-10-22T21:41:25.737Z"}
error: hello world {"timestamp":"2022-10-22T21:41:25.737Z"}
error: hello world {"timestamp":"2022-10-22T21:41:25.738Z"}
error: hello world {"timestamp":"2022-10-22T21:41:25.739Z"}
error: hello world {"timestamp":"2022-10-22T21:41:25.740Z"}
error: hello world {"timestamp":"2022-10-22T21:41:25.740Z"}
error: hello world {"timestamp":"2022-10-22T21:41:25.741Z"}
error: hello world {"timestamp":"2022-10-22T21:41:25.741Z"}
error: hello world {"timestamp":"2022-10-22T21:41:25.741Z"}
error: hello world {"timestamp":"2022-10-22T21:41:25.742Z"}
error: hello world {"timestamp":"2022-10-22T21:41:25.742Z"}
error: hello world {"timestamp":"2022-10-22T21:41:25.743Z"}
error: hello world {"timestamp":"2022-10-22T21:41:25.743Z"}
error: hello world {"timestamp":"2022-10-22T21:41:25.743Z"}
error: hello world {"timestamp":"2022-10-22T21:41:25.744Z"}
error: hello world {"timestamp":"2022-10-22T21:41:25.744Z"}
error: hello world {"timestamp":"2022-10-22T21:41:25.744Z"}
error: hello world {"timestamp":"2022-10-22T21:41:25.745Z"}
error: hello world {"timestamp":"2022-10-22T21:41:25.745Z"}
error: hello world {"timestamp":"2022-10-22T21:41:25.746Z"}
error: hello world {"timestamp":"2022-10-22T21:41:25.746Z"}
error: hello world {"timestamp":"2022-10-22T21:41:25.746Z"}
error: hello world {"timestamp":"2022-10-22T21:41:25.747Z"}
error: hello world {"timestamp":"2022-10-22T21:41:25.747Z"}
error: hello world {"timestamp":"2022-10-22T21:41:25.748Z"}
error: hello world {"timestamp":"2022-10-22T21:41:25.748Z"}
error: hello world {"timestamp":"2022-10-22T21:41:25.748Z"}
error: hello world {"timestamp":"2022-10-22T21:41:25.749Z"}
error: hello world {"timestamp":"2022-10-22T21:41:25.749Z"}
error: hello world {"timestamp":"2022-10-22T21:41:25.749Z"}
error: hello world {"timestamp":"2022-10-22T21:41:25.750Z"}
error: hello world {"timestamp":"2022-10-22T21:41:25.750Z"}
error: hello world {"timestamp":"2022-10-22T21:41:25.750Z"}
error: hello world {"timestamp":"2022-10-22T21:41:25.751Z"}
error: hello world {"timestamp":"2022-10-22T21:41:25.751Z"}
error: hello world {"timestamp":"2022-10-22T21:41:25.752Z"}
error: hello world {"timestamp":"2022-10-22T21:41:25.752Z"}
error: hello world {"timestamp":"2022-10-22T21:41:25.753Z"}
error: hello world {"timestamp":"2022-10-22T21:41:25.753Z"}
error: hello world {"timestamp":"2022-10-22T21:41:25.754Z"}
error: hello world {"timestamp":"2022-10-22T21:41:25.754Z"}
error: hello world {"timestamp":"2022-10-22T21:41:25.755Z"}
error: hello world {"timestamp":"2022-10-22T21:41:25.755Z"}
error: hello world {"timestamp":"2022-10-22T21:41:25.755Z"}
error: hello world {"timestamp":"2022-10-22T21:41:25.756Z"}
error: hello world {"timestamp":"2022-10-22T21:41:25.756Z"}
error: hello world {"timestamp":"2022-10-22T21:41:25.757Z"}
error: hello world {"timestamp":"2022-10-22T21:41:25.757Z"}
error: hello world {"timestamp":"2022-10-22T21:41:25.758Z"}
error: hello world {"timestamp":"2022-10-22T21:41:25.759Z"}
error: hello world {"timestamp":"2022-10-22T21:41:25.760Z"}
error: hello world {"timestamp":"2022-10-22T21:41:25.760Z"}
error: hello world {"timestamp":"2022-10-22T21:41:25.763Z"}
error: hello world {"timestamp":"2022-10-22T21:41:25.764Z"}
error: hello world {"timestamp":"2022-10-22T21:41:25.765Z"}
error: hello world {"timestamp":"2022-10-22T21:41:25.766Z"}
error: hello world {"timestamp":"2022-10-22T21:41:25.769Z"}
error: hello world {"timestamp":"2022-10-22T21:41:25.770Z"}
error: hello world {"timestamp":"2022-10-22T21:41:25.772Z"}
error: hello world {"timestamp":"2022-10-22T21:41:25.773Z"}
error: hello world {"timestamp":"2022-10-22T21:41:25.775Z"}
error: hello world {"timestamp":"2022-10-22T21:41:25.776Z"}
error: hello world {"timestamp":"2022-10-22T21:41:25.777Z"}
error: hello world {"timestamp":"2022-10-22T21:41:25.777Z"}
error: hello world {"timestamp":"2022-10-22T21:41:25.778Z"}
error: hello world {"timestamp":"2022-10-22T21:41:25.778Z"}
error: hello world {"timestamp":"2022-10-22T21:41:25.778Z"}
error: hello world {"timestamp":"2022-10-22T21:41:25.779Z"}
error: hello world {"timestamp":"2022-10-22T21:41:25.786Z"}
error: hello world {"timestamp":"2022-10-22T21:41:25.797Z"}
2022-10-22T21:42:31.902Z [main-logger] error: hello world
2022-10-22T21:42:31.908Z [main-logger] error: hello world
2022-10-22T21:42:31.909Z [main-logger] error: hello world
2022-10-22T21:42:31.909Z [main-logger] error: hello world
2022-10-22T21:42:31.910Z [main-logger] error: hello world
2022-10-22T21:42:31.910Z [main-logger] error: hello world
2022-10-22T21:42:31.911Z [main-logger] error: hello world
2022-10-22T21:42:31.911Z [main-logger] error: hello world
2022-10-22T21:42:31.911Z [main-logger] error: hello world
2022-10-22T21:42:31.912Z [main-logger] error: hello world
2022-10-22T21:42:31.912Z [main-logger] error: hello world
2022-10-22T21:42:31.912Z [main-logger] error: hello world
2022-10-22T21:42:31.913Z [main-logger] error: hello world
2022-10-22T21:42:31.913Z [main-logger] error: hello world
2022-10-22T21:42:31.913Z [main-logger] error: hello world
2022-10-22T21:42:31.914Z [main-logger] error: hello world
2022-10-22T21:42:31.914Z [main-logger] error: hello world
2022-10-22T21:42:31.914Z [main-logger] error: hello world
2022-10-22T21:42:31.915Z [main-logger] error: hello world
2022-10-22T21:42:31.915Z [main-logger] error: hello world
2022-10-22T21:42:31.916Z [main-logger] error: hello world
2022-10-22T21:42:31.916Z [main-logger] error: hello world
2022-10-22T21:42:31.916Z [main-logger] error: hello world
2022-10-22T21:42:31.917Z [main-logger] error: hello world
2022-10-22T21:42:31.917Z [main-logger] error: hello world
2022-10-22T21:42:31.918Z [main-logger] error: hello world
2022-10-22T21:42:31.918Z [main-logger] error: hello world
2022-10-22T21:42:31.919Z [main-logger] error: hello world
2022-10-22T21:42:31.919Z [main-logger] error: hello world
2022-10-22T21:42:31.920Z [main-logger] error: hello world
2022-10-22T21:42:31.920Z [main-logger] error: hello world
2022-10-22T21:42:31.921Z [main-logger] error: hello world
2022-10-22T21:42:31.921Z [main-logger] error: hello world
2022-10-22T21:42:31.921Z [main-logger] error: hello world
2022-10-22T21:42:31.922Z [main-logger] error: hello world
2022-10-22T21:42:31.922Z [main-logger] error: hello world
2022-10-22T21:42:31.922Z [main-logger] error: hello world
2022-10-22T21:42:31.923Z [main-logger] error: hello world
2022-10-22T21:42:31.923Z [main-logger] error: hello world
2022-10-22T21:42:31.923Z [main-logger] error: hello world
2022-10-22T21:42:31.924Z [main-logger] error: hello world
2022-10-22T21:42:31.924Z [main-logger] error: hello world
2022-10-22T21:42:31.924Z [main-logger] error: hello world
2022-10-22T21:42:31.925Z [main-logger] error: hello world
2022-10-22T21:42:31.925Z [main-logger] error: hello world
2022-10-22T21:42:31.925Z [main-logger] error: hello world
2022-10-22T21:42:31.926Z [main-logger] error: hello world
2022-10-22T21:42:31.926Z [main-logger] error: hello world
2022-10-22T21:42:31.926Z [main-logger] error: hello world
2022-10-22T21:42:31.927Z [main-logger] error: hello world
2022-10-22T21:42:31.927Z [main-logger] error: hello world
2022-10-22T21:42:31.927Z [main-logger] error: hello world
2022-10-22T21:42:31.928Z [main-logger] error: hello world
2022-10-22T21:42:31.928Z [main-logger] error: hello world
2022-10-22T21:42:31.928Z [main-logger] error: hello world
2022-10-22T21:42:31.929Z [main-logger] error: hello world
2022-10-22T21:42:31.929Z [main-logger] error: hello world
2022-10-22T21:42:31.929Z [main-logger] error: hello world
2022-10-22T21:42:31.930Z [main-logger] error: hello world
2022-10-22T21:42:31.930Z [main-logger] error: hello world
2022-10-22T21:42:31.930Z [main-logger] error: hello world
2022-10-22T21:42:31.931Z [main-logger] error: hello world
2022-10-22T21:42:31.931Z [main-logger] error: hello world
2022-10-22T21:42:31.931Z [main-logger] error: hello world
2022-10-22T21:42:31.932Z [main-logger] error: hello world
2022-10-22T21:42:31.932Z [main-logger] error: hello world
2022-10-22T21:42:31.932Z [main-logger] error: hello world
2022-10-22T21:42:31.933Z [main-logger] error: hello world
2022-10-22T21:42:31.933Z [main-logger] error: hello world
2022-10-22T21:42:31.933Z [main-logger] error: hello world
2022-10-22T21:42:31.934Z [main-logger] error: hello world
2022-10-22T21:42:31.934Z [main-logger] error: hello world
2022-10-22T21:42:31.934Z [main-logger] error: hello world
2022-10-22T21:42:31.935Z [main-logger] error: hello world
2022-10-22T21:42:31.935Z [main-logger] error: hello world
2022-10-22T21:42:31.936Z [main-logger] error: hello world
2022-10-22T21:42:31.937Z [main-logger] error: hello world
2022-10-22T21:42:31.937Z [main-logger] error: hello world
2022-10-22T21:42:31.937Z [main-logger] error: hello world
2022-10-22T21:42:31.938Z [main-logger] error: hello world
2022-10-22T21:42:31.938Z [main-logger] error: hello world
2022-10-22T21:42:31.939Z [main-logger] error: hello world
2022-10-22T21:42:31.939Z [main-logger] error: hello world
2022-10-22T21:42:31.939Z [main-logger] error: hello world
2022-10-22T21:42:31.940Z [main-logger] error: hello world
2022-10-22T21:42:31.941Z [main-logger] error: hello world
2022-10-22T21:42:31.941Z [main-logger] error: hello world
2022-10-22T21:42:31.941Z [main-logger] error: hello world
2022-10-22T21:42:31.942Z [main-logger] error: hello world
2022-10-22T21:42:31.942Z [main-logger] error: hello world
2022-10-22T21:42:31.942Z [main-logger] error: hello world
2022-10-22T21:42:31.943Z [main-logger] error: hello world
2022-10-22T21:42:31.943Z [main-logger] error: hello world
2022-10-22T21:42:31.943Z [main-logger] error: hello world
2022-10-22T21:42:31.944Z [main-logger] error: hello world
2022-10-22T21:42:31.944Z [main-logger] error: hello world
2022-10-22T21:42:31.945Z [main-logger] error: hello world
2022-10-22T21:42:31.945Z [main-logger] error: hello world
2022-10-22T21:42:31.945Z [main-logger] error: hello world
2022-10-22T21:42:31.946Z [main-logger] error: hello world
error: hello world {"service":"user-service","timestamp":"2022-10-22T21:45:04.899Z"}
error: hello world {"service":"user-service","timestamp":"2022-10-22T21:45:04.906Z"}
error: hello world {"service":"user-service","timestamp":"2022-10-22T21:45:04.906Z"}
error: hello world {"service":"user-service","timestamp":"2022-10-22T21:45:04.907Z"}
error: hello world {"service":"user-service","timestamp":"2022-10-22T21:45:04.907Z"}
error: hello world {"service":"user-service","timestamp":"2022-10-22T21:45:04.908Z"}
error: hello world {"service":"user-service","timestamp":"2022-10-22T21:45:04.908Z"}
error: hello world {"service":"user-service","timestamp":"2022-10-22T21:45:04.908Z"}
error: hello world {"service":"user-service","timestamp":"2022-10-22T21:45:04.909Z"}
error: hello world {"service":"user-service","timestamp":"2022-10-22T21:45:04.909Z"}
error: hello world {"service":"user-service","timestamp":"2022-10-22T21:45:04.910Z"}
error: hello world {"service":"user-service","timestamp":"2022-10-22T21:45:04.910Z"}
error: hello world {"service":"user-service","timestamp":"2022-10-22T21:45:04.910Z"}
error: hello world {"service":"user-service","timestamp":"2022-10-22T21:45:04.911Z"}
error: hello world {"service":"user-service","timestamp":"2022-10-22T21:45:04.911Z"}
error: hello world {"service":"user-service","timestamp":"2022-10-22T21:45:04.912Z"}
error: hello world {"service":"user-service","timestamp":"2022-10-22T21:45:04.912Z"}
error: hello world {"service":"user-service","timestamp":"2022-10-22T21:45:04.913Z"}
error: hello world {"service":"user-service","timestamp":"2022-10-22T21:45:04.913Z"}
error: hello world {"service":"user-service","timestamp":"2022-10-22T21:45:04.913Z"}
error: hello world {"service":"user-service","timestamp":"2022-10-22T21:45:04.914Z"}
error: hello world {"service":"user-service","timestamp":"2022-10-22T21:45:04.914Z"}
error: hello world {"service":"user-service","timestamp":"2022-10-22T21:45:04.915Z"}
error: hello world {"service":"user-service","timestamp":"2022-10-22T21:45:04.915Z"}
error: hello world {"service":"user-service","timestamp":"2022-10-22T21:45:04.916Z"}
error: hello world {"service":"user-service","timestamp":"2022-10-22T21:45:04.916Z"}
error: hello world {"service":"user-service","timestamp":"2022-10-22T21:45:04.916Z"}
error: hello world {"service":"user-service","timestamp":"2022-10-22T21:45:04.917Z"}
error: hello world {"service":"user-service","timestamp":"2022-10-22T21:45:04.917Z"}
error: hello world {"service":"user-service","timestamp":"2022-10-22T21:45:04.917Z"}
error: hello world {"service":"user-service","timestamp":"2022-10-22T21:45:04.918Z"}
error: hello world {"service":"user-service","timestamp":"2022-10-22T21:45:04.918Z"}
error: hello world {"service":"user-service","timestamp":"2022-10-22T21:45:04.919Z"}
error: hello world {"service":"user-service","timestamp":"2022-10-22T21:45:04.919Z"}
error: hello world {"service":"user-service","timestamp":"2022-10-22T21:45:04.919Z"}
error: hello world {"service":"user-service","timestamp":"2022-10-22T21:45:04.920Z"}
error: hello world {"service":"user-service","timestamp":"2022-10-22T21:45:04.920Z"}
error: hello world {"service":"user-service","timestamp":"2022-10-22T21:45:04.921Z"}
error: hello world {"service":"user-service","timestamp":"2022-10-22T21:45:04.922Z"}
error: hello world {"service":"user-service","timestamp":"2022-10-22T21:45:04.924Z"}
error: hello world {"service":"user-service","timestamp":"2022-10-22T21:45:04.925Z"}
error: hello world {"service":"user-service","timestamp":"2022-10-22T21:45:04.926Z"}
error: hello world {"service":"user-service","timestamp":"2022-10-22T21:45:04.927Z"}
error: hello world {"service":"user-service","timestamp":"2022-10-22T21:45:04.929Z"}
error: hello world {"service":"user-service","timestamp":"2022-10-22T21:45:04.930Z"}
error: hello world {"service":"user-service","timestamp":"2022-10-22T21:45:04.930Z"}
error: hello world {"service":"user-service","timestamp":"2022-10-22T21:45:04.931Z"}
error: hello world {"service":"user-service","timestamp":"2022-10-22T21:45:04.932Z"}
error: hello world {"service":"user-service","timestamp":"2022-10-22T21:45:04.933Z"}
error: hello world {"service":"user-service","timestamp":"2022-10-22T21:45:04.936Z"}
error: hello world {"service":"user-service","timestamp":"2022-10-22T21:45:04.936Z"}
error: hello world {"service":"user-service","timestamp":"2022-10-22T21:45:04.937Z"}
error: hello world {"service":"user-service","timestamp":"2022-10-22T21:45:04.937Z"}
error: hello world {"service":"user-service","timestamp":"2022-10-22T21:45:04.938Z"}
error: hello world {"service":"user-service","timestamp":"2022-10-22T21:45:04.938Z"}
error: hello world {"service":"user-service","timestamp":"2022-10-22T21:45:04.939Z"}
error: hello world {"service":"user-service","timestamp":"2022-10-22T21:45:04.939Z"}
error: hello world {"service":"user-service","timestamp":"2022-10-22T21:45:04.939Z"}
error: hello world {"service":"user-service","timestamp":"2022-10-22T21:45:04.940Z"}
error: hello world {"service":"user-service","timestamp":"2022-10-22T21:45:04.941Z"}
error: hello world {"service":"user-service","timestamp":"2022-10-22T21:45:04.941Z"}
error: hello world {"service":"user-service","timestamp":"2022-10-22T21:45:04.942Z"}
error: hello world {"service":"user-service","timestamp":"2022-10-22T21:45:04.943Z"}
error: hello world {"service":"user-service","timestamp":"2022-10-22T21:45:04.944Z"}
error: hello world {"service":"user-service","timestamp":"2022-10-22T21:45:04.944Z"}
error: hello world {"service":"user-service","timestamp":"2022-10-22T21:45:04.945Z"}
error: hello world {"service":"user-service","timestamp":"2022-10-22T21:45:04.946Z"}
error: hello world {"service":"user-service","timestamp":"2022-10-22T21:45:04.946Z"}
error: hello world {"service":"user-service","timestamp":"2022-10-22T21:45:04.947Z"}
error: hello world {"service":"user-service","timestamp":"2022-10-22T21:45:04.947Z"}
error: hello world {"service":"user-service","timestamp":"2022-10-22T21:45:04.948Z"}
error: hello world {"service":"user-service","timestamp":"2022-10-22T21:45:04.948Z"}
error: hello world {"service":"user-service","timestamp":"2022-10-22T21:45:04.949Z"}
error: hello world {"service":"user-service","timestamp":"2022-10-22T21:45:04.949Z"}
error: hello world {"service":"user-service","timestamp":"2022-10-22T21:45:04.949Z"}
error: hello world {"service":"user-service","timestamp":"2022-10-22T21:45:04.950Z"}
error: hello world {"service":"user-service","timestamp":"2022-10-22T21:45:04.950Z"}
error: hello world {"service":"user-service","timestamp":"2022-10-22T21:45:04.951Z"}
error: hello world {"service":"user-service","timestamp":"2022-10-22T21:45:04.951Z"}
error: hello world {"service":"user-service","timestamp":"2022-10-22T21:45:04.951Z"}
error: hello world {"service":"user-service","timestamp":"2022-10-22T21:45:04.952Z"}
error: hello world {"service":"user-service","timestamp":"2022-10-22T21:45:04.952Z"}
error: hello world {"service":"user-service","timestamp":"2022-10-22T21:45:04.952Z"}
error: hello world {"service":"user-service","timestamp":"2022-10-22T21:45:04.953Z"}
error: hello world {"service":"user-service","timestamp":"2022-10-22T21:45:04.953Z"}
error: hello world {"service":"user-service","timestamp":"2022-10-22T21:45:04.955Z"}
error: hello world {"service":"user-service","timestamp":"2022-10-22T21:45:04.955Z"}
error: hello world {"service":"user-service","timestamp":"2022-10-22T21:45:04.955Z"}
error: hello world {"service":"user-service","timestamp":"2022-10-22T21:45:04.956Z"}
error: hello world {"service":"user-service","timestamp":"2022-10-22T21:45:04.956Z"}
error: hello world {"service":"user-service","timestamp":"2022-10-22T21:45:04.957Z"}
error: hello world {"service":"user-service","timestamp":"2022-10-22T21:45:04.957Z"}
error: hello world {"service":"user-service","timestamp":"2022-10-22T21:45:04.957Z"}
error: hello world {"service":"user-service","timestamp":"2022-10-22T21:45:04.957Z"}
error: hello world {"service":"user-service","timestamp":"2022-10-22T21:45:04.958Z"}
error: hello world {"service":"user-service","timestamp":"2022-10-22T21:45:04.959Z"}
error: hello world {"service":"user-service","timestamp":"2022-10-22T21:45:04.959Z"}
error: hello world {"service":"user-service","timestamp":"2022-10-22T21:45:04.959Z"}
error: hello world {"service":"user-service","timestamp":"2022-10-22T21:45:04.960Z"}
error: hello world {"service":"user-service","timestamp":"2022-10-22T21:45:04.960Z"}
2022-10-22T21:47:18.121Z [app] error: hello world
2022-10-22T21:47:18.128Z [app] error: hello world
2022-10-22T21:47:18.128Z [app] error: hello world
2022-10-22T21:47:18.129Z [app] error: hello world
2022-10-22T21:47:18.129Z [app] error: hello world
2022-10-22T21:47:18.129Z [app] error: hello world
2022-10-22T21:47:18.130Z [app] error: hello world
2022-10-22T21:47:18.130Z [app] error: hello world
2022-10-22T21:47:18.131Z [app] error: hello world
2022-10-22T21:47:18.131Z [app] error: hello world
2022-10-22T21:47:18.131Z [app] error: hello world
2022-10-22T21:47:18.131Z [app] error: hello world
2022-10-22T21:47:18.132Z [app] error: hello world
2022-10-22T21:47:18.132Z [app] error: hello world
2022-10-22T21:47:18.132Z [app] error: hello world
2022-10-22T21:47:18.133Z [app] error: hello world
2022-10-22T21:47:18.133Z [app] error: hello world
2022-10-22T21:47:18.133Z [app] error: hello world
2022-10-22T21:47:18.134Z [app] error: hello world
2022-10-22T21:47:18.134Z [app] error: hello world
2022-10-22T21:47:18.134Z [app] error: hello world
2022-10-22T21:47:18.134Z [app] error: hello world
2022-10-22T21:47:18.135Z [app] error: hello world
2022-10-22T21:47:18.135Z [app] error: hello world
2022-10-22T21:47:18.135Z [app] error: hello world
2022-10-22T21:47:18.136Z [app] error: hello world
2022-10-22T21:47:18.136Z [app] error: hello world
2022-10-22T21:47:18.136Z [app] error: hello world
2022-10-22T21:47:18.137Z [app] error: hello world
2022-10-22T21:47:18.137Z [app] error: hello world
2022-10-22T21:47:18.137Z [app] error: hello world
2022-10-22T21:47:18.138Z [app] error: hello world
2022-10-22T21:47:18.138Z [app] error: hello world
2022-10-22T21:47:18.138Z [app] error: hello world
2022-10-22T21:47:18.139Z [app] error: hello world
2022-10-22T21:47:18.139Z [app] error: hello world
2022-10-22T21:47:18.140Z [app] error: hello world
2022-10-22T21:47:18.140Z [app] error: hello world
2022-10-22T21:47:18.140Z [app] error: hello world
2022-10-22T21:47:18.141Z [app] error: hello world
2022-10-22T21:47:18.141Z [app] error: hello world
2022-10-22T21:47:18.141Z [app] error: hello world
2022-10-22T21:47:18.142Z [app] error: hello world
2022-10-22T21:47:18.142Z [app] error: hello world
2022-10-22T21:47:18.142Z [app] error: hello world
2022-10-22T21:47:18.142Z [app] error: hello world
2022-10-22T21:47:18.143Z [app] error: hello world
2022-10-22T21:47:18.143Z [app] error: hello world
2022-10-22T21:47:18.143Z [app] error: hello world
2022-10-22T21:47:18.144Z [app] error: hello world
2022-10-22T21:47:18.144Z [app] error: hello world
2022-10-22T21:47:18.144Z [app] error: hello world
2022-10-22T21:47:18.144Z [app] error: hello world
2022-10-22T21:47:18.145Z [app] error: hello world
2022-10-22T21:47:18.145Z [app] error: hello world
2022-10-22T21:47:18.145Z [app] error: hello world
2022-10-22T21:47:18.145Z [app] error: hello world
2022-10-22T21:47:18.146Z [app] error: hello world
2022-10-22T21:47:18.146Z [app] error: hello world
2022-10-22T21:47:18.146Z [app] error: hello world
2022-10-22T21:47:18.146Z [app] error: hello world
2022-10-22T21:47:18.147Z [app] error: hello world
2022-10-22T21:47:18.147Z [app] error: hello world
2022-10-22T21:47:18.147Z [app] error: hello world
2022-10-22T21:47:18.148Z [app] error: hello world
2022-10-22T21:47:18.148Z [app] error: hello world
2022-10-22T21:47:18.149Z [app] error: hello world
2022-10-22T21:47:18.149Z [app] error: hello world
2022-10-22T21:47:18.149Z [app] error: hello world
2022-10-22T21:47:18.150Z [app] error: hello world
2022-10-22T21:47:18.150Z [app] error: hello world
2022-10-22T21:47:18.151Z [app] error: hello world
2022-10-22T21:47:18.151Z [app] error: hello world
2022-10-22T21:47:18.151Z [app] error: hello world
2022-10-22T21:47:18.152Z [app] error: hello world
2022-10-22T21:47:18.152Z [app] error: hello world
2022-10-22T21:47:18.152Z [app] error: hello world
2022-10-22T21:47:18.152Z [app] error: hello world
2022-10-22T21:47:18.153Z [app] error: hello world
2022-10-22T21:47:18.153Z [app] error: hello world
2022-10-22T21:47:18.153Z [app] error: hello world
2022-10-22T21:47:18.154Z [app] error: hello world
2022-10-22T21:47:18.154Z [app] error: hello world
2022-10-22T21:47:18.154Z [app] error: hello world
2022-10-22T21:47:18.155Z [app] error: hello world
2022-10-22T21:47:18.155Z [app] error: hello world
2022-10-22T21:47:18.155Z [app] error: hello world
2022-10-22T21:47:18.156Z [app] error: hello world
2022-10-22T21:47:18.156Z [app] error: hello world
2022-10-22T21:47:18.157Z [app] error: hello world
2022-10-22T21:47:18.157Z [app] error: hello world
2022-10-22T21:47:18.157Z [app] error: hello world
2022-10-22T21:47:18.157Z [app] error: hello world
2022-10-22T21:47:18.158Z [app] error: hello world
2022-10-22T21:47:18.158Z [app] error: hello world
2022-10-22T21:47:18.158Z [app] error: hello world
2022-10-22T21:47:18.159Z [app] error: hello world
2022-10-22T21:47:18.159Z [app] error: hello world
2022-10-22T21:47:18.159Z [app] error: hello world
2022-10-22T21:47:18.160Z [app] error: hello world
2022-10-22T21:47:40.867Z [app] error: hello world
2022-10-22T21:47:40.874Z [app] error: hello world
2022-10-22T21:47:40.875Z [app] error: hello world
2022-10-22T21:47:40.875Z [app] error: hello world
2022-10-22T21:47:40.876Z [app] error: hello world
2022-10-22T21:47:40.876Z [app] error: hello world
2022-10-22T21:47:40.877Z [app] error: hello world
2022-10-22T21:47:40.877Z [app] error: hello world
2022-10-22T21:47:40.878Z [app] error: hello world
2022-10-22T21:47:40.878Z [app] error: hello world
2022-10-22T21:47:40.878Z [app] error: hello world
2022-10-22T21:47:40.879Z [app] error: hello world
2022-10-22T21:47:40.879Z [app] error: hello world
2022-10-22T21:47:40.879Z [app] error: hello world
2022-10-22T21:47:40.880Z [app] error: hello world
2022-10-22T21:47:40.880Z [app] error: hello world
2022-10-22T21:47:40.881Z [app] error: hello world
2022-10-22T21:47:40.881Z [app] error: hello world
2022-10-22T21:47:40.881Z [app] error: hello world
2022-10-22T21:47:40.882Z [app] error: hello world
2022-10-22T21:47:40.882Z [app] error: hello world
2022-10-22T21:47:40.882Z [app] error: hello world
2022-10-22T21:47:40.883Z [app] error: hello world
2022-10-22T21:47:40.883Z [app] error: hello world
2022-10-22T21:47:40.884Z [app] error: hello world
2022-10-22T21:47:40.884Z [app] error: hello world
2022-10-22T21:47:40.884Z [app] error: hello world
2022-10-22T21:47:40.885Z [app] error: hello world
2022-10-22T21:47:40.885Z [app] error: hello world
2022-10-22T21:47:40.885Z [app] error: hello world
2022-10-22T21:47:40.886Z [app] error: hello world
2022-10-22T21:47:40.886Z [app] error: hello world
2022-10-22T21:47:40.887Z [app] error: hello world
2022-10-22T21:47:40.887Z [app] error: hello world
2022-10-22T21:47:40.887Z [app] error: hello world
2022-10-22T21:47:40.888Z [app] error: hello world
2022-10-22T21:47:40.888Z [app] error: hello world
2022-10-22T21:47:40.888Z [app] error: hello world
2022-10-22T21:47:40.889Z [app] error: hello world
2022-10-22T21:47:40.889Z [app] error: hello world
2022-10-22T21:47:40.890Z [app] error: hello world
2022-10-22T21:47:40.890Z [app] error: hello world
2022-10-22T21:47:40.890Z [app] error: hello world
2022-10-22T21:47:40.891Z [app] error: hello world
2022-10-22T21:47:40.891Z [app] error: hello world
2022-10-22T21:47:40.892Z [app] error: hello world
2022-10-22T21:47:40.892Z [app] error: hello world
2022-10-22T21:47:40.893Z [app] error: hello world
2022-10-22T21:47:40.893Z [app] error: hello world
2022-10-22T21:47:40.894Z [app] error: hello world
2022-10-22T21:47:40.895Z [app] error: hello world
2022-10-22T21:47:40.895Z [app] error: hello world
2022-10-22T21:47:40.895Z [app] error: hello world
2022-10-22T21:47:40.896Z [app] error: hello world
2022-10-22T21:47:40.896Z [app] error: hello world
2022-10-22T21:47:40.897Z [app] error: hello world
2022-10-22T21:47:40.897Z [app] error: hello world
2022-10-22T21:47:40.897Z [app] error: hello world
2022-10-22T21:47:40.898Z [app] error: hello world
2022-10-22T21:47:40.898Z [app] error: hello world
2022-10-22T21:47:40.898Z [app] error: hello world
2022-10-22T21:47:40.899Z [app] error: hello world
2022-10-22T21:47:40.899Z [app] error: hello world
2022-10-22T21:47:40.900Z [app] error: hello world
2022-10-22T21:47:40.900Z [app] error: hello world
2022-10-22T21:47:40.900Z [app] error: hello world
2022-10-22T21:47:40.901Z [app] error: hello world
2022-10-22T21:47:40.901Z [app] error: hello world
2022-10-22T21:47:40.901Z [app] error: hello world
2022-10-22T21:47:40.902Z [app] error: hello world
2022-10-22T21:47:40.902Z [app] error: hello world
2022-10-22T21:47:40.902Z [app] error: hello world
2022-10-22T21:47:40.903Z [app] error: hello world
2022-10-22T21:47:40.903Z [app] error: hello world
2022-10-22T21:47:40.904Z [app] error: hello world
2022-10-22T21:47:40.904Z [app] error: hello world
2022-10-22T21:47:40.904Z [app] error: hello world
2022-10-22T21:47:40.905Z [app] error: hello world
2022-10-22T21:47:40.905Z [app] error: hello world
2022-10-22T21:47:40.905Z [app] error: hello world
2022-10-22T21:47:40.906Z [app] error: hello world
2022-10-22T21:47:40.907Z [app] error: hello world
2022-10-22T21:47:40.908Z [app] error: hello world
2022-10-22T21:47:40.909Z [app] error: hello world
2022-10-22T21:47:40.909Z [app] error: hello world
2022-10-22T21:47:40.910Z [app] error: hello world
2022-10-22T21:47:40.911Z [app] error: hello world
2022-10-22T21:47:40.911Z [app] error: hello world
2022-10-22T21:47:40.911Z [app] error: hello world
2022-10-22T21:47:40.912Z [app] error: hello world
2022-10-22T21:47:40.912Z [app] error: hello world
2022-10-22T21:47:40.913Z [app] error: hello world
2022-10-22T21:47:40.913Z [app] error: hello world
2022-10-22T21:47:40.913Z [app] error: hello world
2022-10-22T21:47:40.914Z [app] error: hello world
2022-10-22T21:47:40.914Z [app] error: hello world
2022-10-22T21:47:40.914Z [app] error: hello world
2022-10-22T21:47:40.915Z [app] error: hello world
2022-10-22T21:47:40.915Z [app] error: hello world
2022-10-22T21:47:40.916Z [app] error: hello world
2022-10-22T21:48:08.207Z [app] error: hello world
2022-10-22T21:48:08.213Z [app] error: hello world
2022-10-22T21:48:08.214Z [app] error: hello world
2022-10-22T21:48:08.214Z [app] error: hello world
2022-10-22T21:48:08.214Z [app] error: hello world
2022-10-22T21:48:08.215Z [app] error: hello world
2022-10-22T21:48:08.215Z [app] error: hello world
2022-10-22T21:48:08.215Z [app] error: hello world
2022-10-22T21:48:08.216Z [app] error: hello world
2022-10-22T21:48:08.216Z [app] error: hello world
2022-10-22T21:48:08.217Z [app] error: hello world
2022-10-22T21:48:08.217Z [app] error: hello world
2022-10-22T21:48:08.217Z [app] error: hello world
2022-10-22T21:48:08.218Z [app] error: hello world
2022-10-22T21:48:08.218Z [app] error: hello world
2022-10-22T21:48:08.218Z [app] error: hello world
2022-10-22T21:48:08.218Z [app] error: hello world
2022-10-22T21:48:08.219Z [app] error: hello world
2022-10-22T21:48:08.219Z [app] error: hello world
2022-10-22T21:48:08.219Z [app] error: hello world
2022-10-22T21:48:08.220Z [app] error: hello world
2022-10-22T21:48:08.220Z [app] error: hello world
2022-10-22T21:48:08.220Z [app] error: hello world
2022-10-22T21:48:08.221Z [app] error: hello world
2022-10-22T21:48:08.221Z [app] error: hello world
2022-10-22T21:48:08.221Z [app] error: hello world
2022-10-22T21:48:08.222Z [app] error: hello world
2022-10-22T21:48:08.222Z [app] error: hello world
2022-10-22T21:48:08.222Z [app] error: hello world
2022-10-22T21:48:08.223Z [app] error: hello world
2022-10-22T21:48:08.223Z [app] error: hello world
2022-10-22T21:48:08.223Z [app] error: hello world
2022-10-22T21:48:08.223Z [app] error: hello world
2022-10-22T21:48:08.224Z [app] error: hello world
2022-10-22T21:48:08.224Z [app] error: hello world
2022-10-22T21:48:08.224Z [app] error: hello world
2022-10-22T21:48:08.225Z [app] error: hello world
2022-10-22T21:48:08.225Z [app] error: hello world
2022-10-22T21:48:08.225Z [app] error: hello world
2022-10-22T21:48:08.226Z [app] error: hello world
2022-10-22T21:48:08.226Z [app] error: hello world
2022-10-22T21:48:08.226Z [app] error: hello world
2022-10-22T21:48:08.226Z [app] error: hello world
2022-10-22T21:48:08.227Z [app] error: hello world
2022-10-22T21:48:08.227Z [app] error: hello world
2022-10-22T21:48:08.227Z [app] error: hello world
2022-10-22T21:48:08.228Z [app] error: hello world
2022-10-22T21:48:08.228Z [app] error: hello world
2022-10-22T21:48:08.228Z [app] error: hello world
2022-10-22T21:48:08.229Z [app] error: hello world
2022-10-22T21:48:08.229Z [app] error: hello world
2022-10-22T21:48:08.229Z [app] error: hello world
2022-10-22T21:48:08.230Z [app] error: hello world
2022-10-22T21:48:08.230Z [app] error: hello world
2022-10-22T21:48:08.230Z [app] error: hello world
2022-10-22T21:48:08.231Z [app] error: hello world
2022-10-22T21:48:08.231Z [app] error: hello world
2022-10-22T21:48:08.231Z [app] error: hello world
2022-10-22T21:48:08.231Z [app] error: hello world
2022-10-22T21:48:08.232Z [app] error: hello world
2022-10-22T21:48:08.232Z [app] error: hello world
2022-10-22T21:48:08.232Z [app] error: hello world
2022-10-22T21:48:08.233Z [app] error: hello world
2022-10-22T21:48:08.233Z [app] error: hello world
2022-10-22T21:48:08.233Z [app] error: hello world
2022-10-22T21:48:08.233Z [app] error: hello world
2022-10-22T21:48:08.234Z [app] error: hello world
2022-10-22T21:48:08.234Z [app] error: hello world
2022-10-22T21:48:08.235Z [app] error: hello world
2022-10-22T21:48:08.235Z [app] error: hello world
2022-10-22T21:48:08.235Z [app] error: hello world
2022-10-22T21:48:08.236Z [app] error: hello world
2022-10-22T21:48:08.236Z [app] error: hello world
2022-10-22T21:48:08.236Z [app] error: hello world
2022-10-22T21:48:08.237Z [app] error: hello world
2022-10-22T21:48:08.237Z [app] error: hello world
2022-10-22T21:48:08.238Z [app] error: hello world
2022-10-22T21:48:08.238Z [app] error: hello world
2022-10-22T21:48:08.238Z [app] error: hello world
2022-10-22T21:48:08.239Z [app] error: hello world
2022-10-22T21:48:08.239Z [app] error: hello world
2022-10-22T21:48:08.239Z [app] error: hello world
2022-10-22T21:48:08.240Z [app] error: hello world
2022-10-22T21:48:08.240Z [app] error: hello world
2022-10-22T21:48:08.240Z [app] error: hello world
2022-10-22T21:48:08.241Z [app] error: hello world
2022-10-22T21:48:08.241Z [app] error: hello world
2022-10-22T21:48:08.241Z [app] error: hello world
2022-10-22T21:48:08.242Z [app] error: hello world
2022-10-22T21:48:08.242Z [app] error: hello world
2022-10-22T21:48:08.242Z [app] error: hello world
2022-10-22T21:48:08.243Z [app] error: hello world
2022-10-22T21:48:08.243Z [app] error: hello world
2022-10-22T21:48:08.243Z [app] error: hello world
2022-10-22T21:48:08.244Z [app] error: hello world
2022-10-22T21:48:08.244Z [app] error: hello world
2022-10-22T21:48:08.244Z [app] error: hello world
2022-10-22T21:48:08.245Z [app] error: hello world
2022-10-22T21:48:08.245Z [app] error: hello world
2022-10-22T21:48:08.245Z [app] error: hello world
